\BOOKMARK [0][-]{chapter.1}{\376\377\000R\000E\000A\000D\000M\000E}{}% 1
\BOOKMARK [1][-]{section.1.1}{\376\377\000O\000n\000l\000i\000n\000e\000\040\000t\000e\000s\000t\000e\000n}{chapter.1}% 2
\BOOKMARK [1][-]{section.1.2}{\376\377\000S\000u\000p\000p\000o\000r\000t}{chapter.1}% 3
\BOOKMARK [0][-]{chapter.2}{\376\377\000F\000e\000a\000t\000u\000r\000e\000s}{}% 4
\BOOKMARK [1][-]{section.2.1}{\376\377\000W\000e\000b\000-\000I\000n\000t\000e\000r\000f\000a\000c\000e}{chapter.2}% 5
\BOOKMARK [1][-]{section.2.2}{\376\377\000O\000p\000e\000n\000\040\000L\000i\000g\000h\000t\000i\000n\000g\000\040\000A\000r\000c\000h\000i\000t\000e\000c\000t\000u\000r\000e}{chapter.2}% 6
\BOOKMARK [1][-]{section.2.3}{\376\377\000S\000z\000e\000n\000e\000n}{chapter.2}% 7
\BOOKMARK [1][-]{section.2.4}{\376\377\000D\000a\000t\000e\000n\000\040\000i\000n\000\040\000C\000S\000V\000-\000D\000a\000t\000e\000i\000e\000n}{chapter.2}% 8
\BOOKMARK [1][-]{section.2.5}{\376\377\000A\000n\000g\000e\000p\000a\000s\000s\000t\000\040\000a\000n\000\040\000B\000e\000n\000u\000t\000z\000e\000r}{chapter.2}% 9
\BOOKMARK [1][-]{section.2.6}{\376\377\000M\000I\000D\000I}{chapter.2}% 10
\BOOKMARK [1][-]{section.2.7}{\376\377\000O\000S\000C\000\040\000I\000n\000p\000u\000t}{chapter.2}% 11
\BOOKMARK [0][-]{chapter.3}{\376\377\000E\000r\000s\000t\000e\000\040\000S\000c\000h\000r\000i\000t\000t\000e}{}% 12
\BOOKMARK [0][-]{chapter.4}{\376\377\000E\000i\000n\000r\000i\000c\000h\000t\000u\000n\000g}{}% 13
\BOOKMARK [1][-]{section.4.1}{\376\377\000C\000l\000u\000b\000D\000M\000X\000\040\000u\000n\000d\000\040\000O\000L\000A}{chapter.4}% 14
\BOOKMARK [1][-]{section.4.2}{\376\377\000V\000e\000r\000z\000e\000i\000c\000h\000n\000i\000s\000s\000e}{chapter.4}% 15
\BOOKMARK [1][-]{section.4.3}{\376\377\000R\000a\000u\000m\000\040\000e\000i\000n\000r\000i\000c\000h\000t\000e\000n}{chapter.4}% 16
\BOOKMARK [1][-]{section.4.4}{\376\377\000C\000o\000n\000f\000i\000g}{chapter.4}% 17
\BOOKMARK [1][-]{section.4.5}{\376\377\000S\000t\000a\000g\000e\000\040\000e\000i\000n\000r\000i\000c\000h\000t\000e\000n}{chapter.4}% 18
\BOOKMARK [1][-]{section.4.6}{\376\377\000F\000a\000d\000e\000r\000\040\000e\000i\000n\000r\000i\000c\000h\000t\000e\000n}{chapter.4}% 19
\BOOKMARK [1][-]{section.4.7}{\376\377\000B\000u\000t\000t\000o\000n\000s\000\040\000e\000i\000n\000r\000i\000c\000h\000t\000e\000n}{chapter.4}% 20
\BOOKMARK [1][-]{section.4.8}{\376\377\000E\000x\000e\000c\000-\000S\000e\000i\000t\000e\000\040\000e\000i\000n\000r\000i\000c\000h\000t\000e\000n}{chapter.4}% 21
\BOOKMARK [1][-]{section.4.9}{\376\377\000E\000i\000n\000r\000i\000c\000h\000t\000e\000n\000\040\000v\000o\000n\000\040\000z\000e\000i\000t\000a\000b\000h\000\344\000n\000g\000i\000g\000e\000r\000\040\000S\000t\000e\000u\000e\000r\000u\000n\000g\000\040\000m\000i\000t\000\040\000C\000r\000o\000n\000t\000a\000b\000\040\000\050\000i\000n\000\040\000L\000i\000n\000u\000x\000\051}{chapter.4}% 22
\BOOKMARK [0][-]{chapter.5}{\376\377\000N\000a\000v\000i\000g\000a\000t\000i\000o\000n}{}% 23
\BOOKMARK [1][-]{section.5.1}{\376\377\000S\000t\000a\000g\000e}{chapter.5}% 24
\BOOKMARK [1][-]{section.5.2}{\376\377\000E\000x\000e\000c}{chapter.5}% 25
\BOOKMARK [1][-]{section.5.3}{\376\377\000F\000a\000d\000e\000r}{chapter.5}% 26
\BOOKMARK [1][-]{section.5.4}{\376\377\000B\000u\000t\000t\000o\000n}{chapter.5}% 27
\BOOKMARK [1][-]{section.5.5}{\376\377\000E\000i\000n\000r\000i\000c\000h\000t\000u\000n\000g}{chapter.5}% 28
\BOOKMARK [1][-]{section.5.6}{\376\377\000I\000n\000f\000o}{chapter.5}% 29
\BOOKMARK [1][-]{section.5.7}{\376\377\000B\000e\000n\000u\000t\000z\000e\000r\000-\000D\000a\000t\000e\000n\000b\000a\000n\000k}{chapter.5}% 30
\BOOKMARK [1][-]{section.5.8}{\376\377\000O\000S\000C\000\040\000I\000n\000p\000u\000t}{chapter.5}% 31
\BOOKMARK [0][-]{chapter.6}{\376\377\000B\000e\000n\000u\000t\000z\000e\000r}{}% 32
\BOOKMARK [1][-]{section.6.1}{\376\377\000B\000a\000s\000i\000c}{chapter.6}% 33
\BOOKMARK [1][-]{section.6.2}{\376\377\000S\000t\000a\000n\000d\000a\000r\000d}{chapter.6}% 34
\BOOKMARK [1][-]{section.6.3}{\376\377\000A\000d\000m\000i\000n}{chapter.6}% 35
\BOOKMARK [1][-]{section.6.4}{\376\377\000F\000u\000n\000k\000t\000i\000o\000n\000e\000n}{chapter.6}% 36
\BOOKMARK [0][-]{chapter.7}{\376\377\000P\000a\000t\000c\000h}{}% 37
\BOOKMARK [1][-]{section.7.1}{\376\377\000N\000e\000u\000e\000n\000\040\000P\000a\000t\000c\000h\000\040\000e\000r\000s\000t\000e\000l\000l\000e\000n}{chapter.7}% 38
\BOOKMARK [0][-]{chapter.8}{\376\377\000G\000r\000u\000n\000d\000l\000a\000g\000e\000n}{}% 39
\BOOKMARK [1][-]{section.8.1}{\376\377\000D\000M\000X}{chapter.8}% 40
\BOOKMARK [1][-]{section.8.2}{\376\377\000H\000a\000r\000d\000w\000a\000r\000e}{chapter.8}% 41
\BOOKMARK [1][-]{section.8.3}{\376\377\000R\000\344\000u\000m\000e\000\040\000u\000n\000d\000\040\000C\000o\000n\000f\000i\000g}{chapter.8}% 42
\BOOKMARK [1][-]{section.8.4}{\376\377\000B\000e\000a\000r\000b\000e\000i\000t\000u\000n\000g\000s\000m\000o\000d\000u\000s}{chapter.8}% 43
\BOOKMARK [1][-]{section.8.5}{\376\377\000H\000T\000P\000\040\000u\000n\000d\000\040\000L\000T\000P}{chapter.8}% 44
\BOOKMARK [1][-]{section.8.6}{\376\377\000T\000o\000p\000c\000u\000e}{chapter.8}% 45
\BOOKMARK [0][-]{chapter.9}{\376\377\000R\000a\000s\000p\000b\000e\000r\000r\000y\000\040\000e\000i\000n\000r\000i\000c\000h\000t\000e\000n}{}% 46
\BOOKMARK [1][-]{section.9.1}{\376\377\000R\000a\000s\000p\000b\000e\000r\000r\000y\000\040\000B\000u\000s\000t\000e\000r\000\040\000n\000e\000u\000\040\000i\000n\000s\000t\000a\000l\000l\000i\000e\000r\000e\000n}{chapter.9}% 47
\BOOKMARK [1][-]{section.9.2}{\376\377\000O\000L\000A\000\040\000i\000n\000s\000t\000a\000l\000l\000i\000e\000r\000e\000n}{chapter.9}% 48
\BOOKMARK [1][-]{section.9.3}{\376\377\000O\000L\000A\000\040\000f\000\374\000r\000\040\000C\000l\000u\000b\000D\000M\000X\000\040\000v\000o\000r\000b\000e\000r\000e\000i\000t\000e\000n}{chapter.9}% 49
\BOOKMARK [1][-]{section.9.4}{\376\377\000C\000l\000u\000b\000D\000M\000X\000\040\000i\000n\000s\000t\000a\000l\000l\000i\000e\000r\000e\000n}{chapter.9}% 50
\BOOKMARK [1][-]{section.9.5}{\376\377\000T\000r\000o\000u\000b\000l\000e\000s\000\040\000s\000c\000h\000i\000e\000\337\000e\000n}{chapter.9}% 51
\BOOKMARK [0][-]{chapter.10}{\376\377\000E\000n\000t\000w\000i\000c\000k\000l\000u\000n\000g\000s\000s\000c\000h\000r\000i\000t\000t\000e}{}% 52
\BOOKMARK [1][-]{section.10.1}{\376\377\000E\000r\000s\000t\000e\000\040\000I\000d\000e\000e}{chapter.10}% 53
\BOOKMARK [1][-]{section.10.2}{\376\377\000D\000i\000e\000\040\000E\000n\000t\000w\000i\000c\000k\000l\000u\000n\000g\000s\000s\000c\000h\000r\000i\000t\000t\000e}{chapter.10}% 54
\BOOKMARK [0][-]{chapter.11}{\376\377\000I\000m\000p\000r\000e\000s\000s\000u\000m}{}% 55
